\BOOKMARK [0][-]{chapter*.4}{Kurzfassung}{}% 1
\BOOKMARK [0][-]{chapter*.5}{Abstract}{}% 2
\BOOKMARK [0][-]{section*.6}{Contents}{}% 3
\BOOKMARK [0][-]{chapter.1}{Introduction}{}% 4
\BOOKMARK [1][-]{section.1.1}{About Project INTRA SPACE}{chapter.1}% 5
\BOOKMARK [0][-]{chapter.2}{Related Work}{}% 6
\BOOKMARK [1][-]{section.2.1}{User Interaction and Depiction of Agents}{chapter.2}% 7
\BOOKMARK [1][-]{section.2.2}{Similar Installations}{chapter.2}% 8
\BOOKMARK [1][-]{section.2.3}{Jason and Alternatives}{chapter.2}% 9
\BOOKMARK [1][-]{section.2.4}{Story-telling}{chapter.2}% 10
\BOOKMARK [0][-]{chapter.3}{The System}{}% 11
\BOOKMARK [1][-]{section.3.1}{Overview}{chapter.3}% 12
\BOOKMARK [1][-]{section.3.2}{The Room}{chapter.3}% 13
\BOOKMARK [1][-]{section.3.3}{Donning}{chapter.3}% 14
\BOOKMARK [1][-]{section.3.4}{Jason}{chapter.3}% 15
\BOOKMARK [1][-]{section.3.5}{Input Data}{chapter.3}% 16
\BOOKMARK [1][-]{section.3.6}{Output Data}{chapter.3}% 17
\BOOKMARK [0][-]{chapter.4}{Implementation}{}% 18
\BOOKMARK [1][-]{section.4.1}{Initial Approach}{chapter.4}% 19
\BOOKMARK [1][-]{section.4.2}{Final Approach}{chapter.4}% 20
\BOOKMARK [1][-]{section.4.3}{Visualization and Modelling}{chapter.4}% 21
\BOOKMARK [0][-]{chapter.5}{Discussion and Conclusion}{}% 22
\BOOKMARK [1][-]{section.5.1}{Testing and Evaluation}{chapter.5}% 23
\BOOKMARK [1][-]{section.5.2}{Problems, Challenges, and Solutions}{chapter.5}% 24
\BOOKMARK [1][-]{section.5.3}{Conclusion}{chapter.5}% 25
\BOOKMARK [0][-]{chapter*.20}{Appendix}{}% 26
\BOOKMARK [1][-]{section*.21}{Waving Agent 1}{chapter*.20}% 27
\BOOKMARK [1][-]{section*.22}{Waving Agent 2}{chapter*.20}% 28
\BOOKMARK [1][-]{section*.23}{Bat Agent}{chapter*.20}% 29
\BOOKMARK [1][-]{section*.24}{Offset Agent \(Used by Sleeper Agent\)}{chapter*.20}% 30
\BOOKMARK [1][-]{section*.25}{Sleeper Agent}{chapter*.20}% 31
\BOOKMARK [0][-]{section*.26}{List of Figures}{}% 32
\BOOKMARK [0][-]{section*.27}{Glossary}{}% 33
\BOOKMARK [0][-]{section*.29}{Acronyms}{}% 34
\BOOKMARK [0][-]{chapter*.31}{Bibliography}{}% 35
